<?xml version="1.0" encoding="UTF-8"?>
<testsuite name="org.douggschwind.games.chess.SquareTest" tests="1" skipped="0" failures="0" errors="0" timestamp="2024-12-20T08:33:04" hostname="WIWLWIWAW-PC" time="0.004">
  <properties/>
  <testcase name="testEqualsAndHashcode()" classname="org.douggschwind.games.chess.SquareTest" time="0.004"/>
  <system-out><![CDATA[]]></system-out>
  <system-err><![CDATA[]]></system-err>
</testsuite>
