<?xml version="1.0" encoding="UTF-8"?>
<testsuite name="org.douggschwind.games.cardgames.euchre.ClassicEuchreTest" tests="2" skipped="0" failures="0" errors="0" timestamp="2024-12-20T08:07:05" hostname="WIWLWIWAW-PC" time="0.011">
  <properties/>
  <testcase name="testPlayersAllGetDistinctCards()" classname="org.douggschwind.games.cardgames.euchre.ClassicEuchreTest" time="0.007"/>
  <testcase name="testHand()" classname="org.douggschwind.games.cardgames.euchre.ClassicEuchreTest" time="0.003"/>
  <system-out><![CDATA[]]></system-out>
  <system-err><![CDATA[]]></system-err>
</testsuite>
