<?xml version="1.0" encoding="UTF-8"?>
<testsuite name="org.douggschwind.games.cardgames.euchre.ClassicEuchreTest" tests="2" skipped="0" failures="0" errors="0" timestamp="2024-12-20T08:33:03" hostname="WIWLWIWAW-PC" time="0.013">
  <properties/>
  <testcase name="testPlayersAllGetDistinctCards()" classname="org.douggschwind.games.cardgames.euchre.ClassicEuchreTest" time="0.008"/>
  <testcase name="testHand()" classname="org.douggschwind.games.cardgames.euchre.ClassicEuchreTest" time="0.003"/>
  <system-out><![CDATA[]]></system-out>
  <system-err><![CDATA[]]></system-err>
</testsuite>
