<?xml version="1.0" encoding="UTF-8"?>
<testsuite name="org.douggschwind.games.boardgames.monopoly.PlayerTest" tests="6" skipped="0" failures="0" errors="0" timestamp="2024-12-20T08:07:05" hostname="WIWLWIWAW-PC" time="0.137">
  <properties/>
  <testcase name="testReceivePayment()" classname="org.douggschwind.games.boardgames.monopoly.PlayerTest" time="0.068"/>
  <testcase name="testAcceptOwnership()" classname="org.douggschwind.games.boardgames.monopoly.PlayerTest" time="0.032"/>
  <testcase name="testInitialBankAccountBalance()" classname="org.douggschwind.games.boardgames.monopoly.PlayerTest" time="0.003"/>
  <testcase name="testCanPayBillWithCash()" classname="org.douggschwind.games.boardgames.monopoly.PlayerTest" time="0.003"/>
  <testcase name="testMakePayment()" classname="org.douggschwind.games.boardgames.monopoly.PlayerTest" time="0.002"/>
  <testcase name="testRollDice()" classname="org.douggschwind.games.boardgames.monopoly.PlayerTest" time="0.008"/>
  <system-out><![CDATA[]]></system-out>
  <system-err><![CDATA[]]></system-err>
</testsuite>
