<?xml version="1.0" encoding="UTF-8"?>
<testsuite name="org.douggschwind.games.cardgames.wildcardpoker.DeucesWildHandStrengthTest" tests="38" skipped="0" failures="0" errors="0" timestamp="2024-12-20T08:33:04" hostname="WIWLWIWAW-PC" time="0.114">
  <properties/>
  <testcase name="testDetermineHandStrengthNaturalStraightFlush()" classname="org.douggschwind.games.cardgames.wildcardpoker.DeucesWildHandStrengthTest" time="0.005"/>
  <testcase name="testDetermineHandStrengthInsideStraightViaOneWildCard()" classname="org.douggschwind.games.cardgames.wildcardpoker.DeucesWildHandStrengthTest" time="0.017"/>
  <testcase name="testDetermineHandStrengthThreeOfAKindViaTwoWildCards()" classname="org.douggschwind.games.cardgames.wildcardpoker.DeucesWildHandStrengthTest" time="0.001"/>
  <testcase name="testDetermineHandStrengthFlushViaOneWildCard()" classname="org.douggschwind.games.cardgames.wildcardpoker.DeucesWildHandStrengthTest" time="0.001"/>
  <testcase name="testDetermineHandStrengthThreeOfAKindViaOneWildCard()" classname="org.douggschwind.games.cardgames.wildcardpoker.DeucesWildHandStrengthTest" time="0.003"/>
  <testcase name="testDetermineHandStrengthOutsideStraightViaTwoWildCards()" classname="org.douggschwind.games.cardgames.wildcardpoker.DeucesWildHandStrengthTest" time="0.002"/>
  <testcase name="testDetermineHandStrengthInsideStraightFlushViaThreeWildCards()" classname="org.douggschwind.games.cardgames.wildcardpoker.DeucesWildHandStrengthTest" time="0.001"/>
  <testcase name="testDetermineHandStrengthOutsideStraightViaOneWildCard()" classname="org.douggschwind.games.cardgames.wildcardpoker.DeucesWildHandStrengthTest" time="0.002"/>
  <testcase name="testDetermineHandStrengthNaturalFullHouse()" classname="org.douggschwind.games.cardgames.wildcardpoker.DeucesWildHandStrengthTest" time="0.002"/>
  <testcase name="testDetermineHandStrengthFiveOfAKindViaThreeWildCards()" classname="org.douggschwind.games.cardgames.wildcardpoker.DeucesWildHandStrengthTest" time="0.002"/>
  <testcase name="testDetermineHandStrengthFourOfAKindViaTwoWildCards()" classname="org.douggschwind.games.cardgames.wildcardpoker.DeucesWildHandStrengthTest" time="0.003"/>
  <testcase name="testDetermineHandStrengthFourOfAKindViaThreeWildCards()" classname="org.douggschwind.games.cardgames.wildcardpoker.DeucesWildHandStrengthTest" time="0.001"/>
  <testcase name="testDetermineHandStrengthOutsideStraightFlushViaThreeWildCards()" classname="org.douggschwind.games.cardgames.wildcardpoker.DeucesWildHandStrengthTest" time="0.001"/>
  <testcase name="testDetermineHandStrengthNaturalFlush()" classname="org.douggschwind.games.cardgames.wildcardpoker.DeucesWildHandStrengthTest" time="0.001"/>
  <testcase name="testDetermineHandStrengthNaturalFourOfAKind()" classname="org.douggschwind.games.cardgames.wildcardpoker.DeucesWildHandStrengthTest" time="0.002"/>
  <testcase name="testDetermineHandStrengthRoyalFlushViaOneWildCard()" classname="org.douggschwind.games.cardgames.wildcardpoker.DeucesWildHandStrengthTest" time="0.002"/>
  <testcase name="testDetermineHandStrengthFiveOfAKindViaFourWildCards()" classname="org.douggschwind.games.cardgames.wildcardpoker.DeucesWildHandStrengthTest" time="0.001"/>
  <testcase name="testDetermineHandStrengthNaturalStraight()" classname="org.douggschwind.games.cardgames.wildcardpoker.DeucesWildHandStrengthTest" time="0.0"/>
  <testcase name="testDetermineHandStrengthFiveOfAKindViaTwoWildCards()" classname="org.douggschwind.games.cardgames.wildcardpoker.DeucesWildHandStrengthTest" time="0.001"/>
  <testcase name="testDetermineHandStrengthRoyalFlushViaTwoWildCards()" classname="org.douggschwind.games.cardgames.wildcardpoker.DeucesWildHandStrengthTest" time="0.002"/>
  <testcase name="testDetermineHandStrengthFiveOfAKindViaOneWildCard()" classname="org.douggschwind.games.cardgames.wildcardpoker.DeucesWildHandStrengthTest" time="0.001"/>
  <testcase name="testDetermineHandStrengthNaturalHighCard()" classname="org.douggschwind.games.cardgames.wildcardpoker.DeucesWildHandStrengthTest" time="0.001"/>
  <testcase name="testDetermineHandStrengthInsideStraightViaTwoWildCards()" classname="org.douggschwind.games.cardgames.wildcardpoker.DeucesWildHandStrengthTest" time="0.002"/>
  <testcase name="testDetermineHandStrengthOutsideStraightFlushViaTwoWildCards()" classname="org.douggschwind.games.cardgames.wildcardpoker.DeucesWildHandStrengthTest" time="0.001"/>
  <testcase name="testDetermineHandStrengthNaturalRoyalFlush()" classname="org.douggschwind.games.cardgames.wildcardpoker.DeucesWildHandStrengthTest" time="0.001"/>
  <testcase name="testDetermineHandStrengthPairViaOneWildCard1()" classname="org.douggschwind.games.cardgames.wildcardpoker.DeucesWildHandStrengthTest" time="0.001"/>
  <testcase name="testDetermineHandStrengthPairViaOneWildCard2()" classname="org.douggschwind.games.cardgames.wildcardpoker.DeucesWildHandStrengthTest" time="0.001"/>
  <testcase name="testDetermineHandStrengthPairViaOneWildCard3()" classname="org.douggschwind.games.cardgames.wildcardpoker.DeucesWildHandStrengthTest" time="0.001"/>
  <testcase name="testDetermineHandStrengthPairViaOneWildCard4()" classname="org.douggschwind.games.cardgames.wildcardpoker.DeucesWildHandStrengthTest" time="0.001"/>
  <testcase name="testDetermineHandStrengthNaturalPair()" classname="org.douggschwind.games.cardgames.wildcardpoker.DeucesWildHandStrengthTest" time="0.001"/>
  <testcase name="testDetermineHandStrengthNaturalThreeOfAKind()" classname="org.douggschwind.games.cardgames.wildcardpoker.DeucesWildHandStrengthTest" time="0.002"/>
  <testcase name="testDetermineHandStrengthOutsideStraightFlushViaOneWildCard()" classname="org.douggschwind.games.cardgames.wildcardpoker.DeucesWildHandStrengthTest" time="0.001"/>
  <testcase name="testDetermineHandStrengthFullHouseViaOneWildCard()" classname="org.douggschwind.games.cardgames.wildcardpoker.DeucesWildHandStrengthTest" time="0.003"/>
  <testcase name="testDetermineHandStrengthInsideStraightFlushViaTwoWildCards()" classname="org.douggschwind.games.cardgames.wildcardpoker.DeucesWildHandStrengthTest" time="0.001"/>
  <testcase name="testDetermineHandStrengthFlushViaTwoWildCards()" classname="org.douggschwind.games.cardgames.wildcardpoker.DeucesWildHandStrengthTest" time="0.001"/>
  <testcase name="testDetermineHandStrengthFourOfAKindViaOneWildCard()" classname="org.douggschwind.games.cardgames.wildcardpoker.DeucesWildHandStrengthTest" time="0.001"/>
  <testcase name="testDetermineHandStrengthInsideStraightFlushViaOneWildCard()" classname="org.douggschwind.games.cardgames.wildcardpoker.DeucesWildHandStrengthTest" time="0.001"/>
  <testcase name="testDetermineHandStrengthRoyalFlushViaThreeWildCards()" classname="org.douggschwind.games.cardgames.wildcardpoker.DeucesWildHandStrengthTest" time="0.001"/>
  <system-out><![CDATA[]]></system-out>
  <system-err><![CDATA[]]></system-err>
</testsuite>
