<?xml version="1.0" encoding="UTF-8"?>
<testsuite name="org.douggschwind.games.common.DeckOfCardsTest" tests="1" skipped="0" failures="0" errors="0" timestamp="2024-12-20T08:33:04" hostname="WIWLWIWAW-PC" time="0.002">
  <properties/>
  <testcase name="testDeckOfCardsLifecycle()" classname="org.douggschwind.games.common.DeckOfCardsTest" time="0.002"/>
  <system-out><![CDATA[]]></system-out>
  <system-err><![CDATA[]]></system-err>
</testsuite>
