<?xml version="1.0" encoding="UTF-8"?>
<testsuite name="org.douggschwind.games.chess.ChessBoardTest" tests="7" skipped="0" failures="0" errors="0" timestamp="2024-12-20T08:33:04" hostname="WIWLWIWAW-PC" time="0.073">
  <properties/>
  <testcase name="testCanMoveFrom()" classname="org.douggschwind.games.chess.ChessBoardTest" time="0.039"/>
  <testcase name="testQueenSideCastling()" classname="org.douggschwind.games.chess.ChessBoardTest" time="0.01"/>
  <testcase name="testCanMoveToStartOfGame()" classname="org.douggschwind.games.chess.ChessBoardTest" time="0.008"/>
  <testcase name="testEnPassantToLeft()" classname="org.douggschwind.games.chess.ChessBoardTest" time="0.002"/>
  <testcase name="testStartOfGameSetup()" classname="org.douggschwind.games.chess.ChessBoardTest" time="0.002"/>
  <testcase name="testEnPassantToRight()" classname="org.douggschwind.games.chess.ChessBoardTest" time="0.001"/>
  <testcase name="testKingSideCastling()" classname="org.douggschwind.games.chess.ChessBoardTest" time="0.002"/>
  <system-out><![CDATA[]]></system-out>
  <system-err><![CDATA[]]></system-err>
</testsuite>
