<?xml version="1.0" encoding="UTF-8"?>
<testsuite name="org.douggschwind.games.dicegames.boggle.BoggleTest" tests="4" skipped="0" failures="0" errors="0" timestamp="2024-12-20T08:07:06" hostname="WIWLWIWAW-PC" time="0.114">
  <properties/>
  <testcase name="test4x4BoggleWordFindingLongerWordsBasedUponShorterWordsPresent()" classname="org.douggschwind.games.dicegames.boggle.BoggleTest" time="0.07"/>
  <testcase name="test4x4BoggleWordFindingQuPresent()" classname="org.douggschwind.games.dicegames.boggle.BoggleTest" time="0.005"/>
  <testcase name="test4x4BoggleWordFindingNoQuPresent()" classname="org.douggschwind.games.dicegames.boggle.BoggleTest" time="0.011"/>
  <testcase name="test5x5BoggleWordFindingNoQuPresent()" classname="org.douggschwind.games.dicegames.boggle.BoggleTest" time="0.024"/>
  <system-out><![CDATA[]]></system-out>
  <system-err><![CDATA[]]></system-err>
</testsuite>
